<?xml version="1.0" encoding="UTF-8"?>
<!-- Generated by org.testng.reporters.JUnitXMLReporter -->
<testsuite ignored="0" hostname="LAPTOP-BOTR56SN" failures="0" tests="4" name="Default test" time="33.364" errors="0" timestamp="2024-06-09T19:53:14 IST">
  <testcase classname="janasyapkg.Janasyacls" name="test" time="4.05"/>
  <testcase classname="janasyapkg.Janasyacls" name="test1" time="9.328"/>
  <testcase classname="janasyapkg.Janasyacls" name="test2" time="8.713"/>
  <testcase classname="janasyapkg.Janasyacls" name="test3" time="2.375"/>
</testsuite> <!-- Default test -->
